INFO:werkzeug: * Running on http://0.0.0.0:8001/ (Press CTRL+C to quit)
INFO:werkzeug: * Restarting with stat
WARNING:werkzeug: * Debugger is active!
INFO:werkzeug: * Debugger PIN: 993-416-659
INFO:werkzeug:10.201.2.3 - - [14/Mar/2024 20:44:19] "[37mPOST /newSubmission HTTP/1.1[0m" 200 -
INFO:werkzeug:10.201.2.3 - - [14/Mar/2024 20:51:52] "[37mPOST /newSubmission HTTP/1.1[0m" 200 -
INFO:werkzeug:10.201.2.3 - - [14/Mar/2024 20:54:21] "[37mPOST /newSubmission HTTP/1.1[0m" 200 -
INFO:werkzeug: * Detected change in '/data/tools/pushtomisp/pushtomisp.py', reloading
INFO:werkzeug: * Restarting with stat
WARNING:werkzeug: * Debugger is active!
INFO:werkzeug: * Debugger PIN: 993-416-659
INFO:werkzeug: * Detected change in '/data/tools/pushtomisp/pushtomisp.py', reloading
INFO:werkzeug: * Restarting with stat
WARNING:werkzeug: * Debugger is active!
INFO:werkzeug: * Debugger PIN: 993-416-659
INFO:werkzeug:10.201.2.3 - - [14/Mar/2024 20:58:18] "[37mPOST /newSubmission HTTP/1.1[0m" 200 -
INFO:werkzeug: * Detected change in '/data/tools/pushtomisp/pushtomisp.py', reloading
INFO:werkzeug: * Restarting with stat
WARNING:werkzeug: * Debugger is active!
INFO:werkzeug: * Debugger PIN: 993-416-659
INFO:werkzeug:10.201.2.3 - - [14/Mar/2024 21:30:03] "[37mPOST /newSubmission HTTP/1.1[0m" 200 -
INFO:werkzeug: * Detected change in '/data/tools/pushtomisp/pushtomisp.py', reloading
INFO:werkzeug: * Restarting with stat
WARNING:werkzeug: * Debugger is active!
INFO:werkzeug: * Debugger PIN: 993-416-659
INFO:werkzeug: * Detected change in '/data/tools/pushtomisp/pushtomisp.py', reloading
INFO:werkzeug: * Restarting with stat
WARNING:werkzeug: * Debugger is active!
INFO:werkzeug: * Debugger PIN: 993-416-659
INFO:werkzeug: * Detected change in '/data/tools/pushtomisp/pushtomisp.py', reloading
INFO:werkzeug: * Restarting with stat
WARNING:werkzeug: * Debugger is active!
INFO:werkzeug: * Debugger PIN: 993-416-659
INFO:werkzeug: * Detected change in '/data/tools/pushtomisp/pushtomisp.py', reloading
INFO:werkzeug: * Restarting with stat
WARNING:werkzeug: * Debugger is active!
INFO:werkzeug: * Debugger PIN: 993-416-659
INFO:werkzeug: * Detected change in '/data/tools/pushtomisp/pushtomisp.py', reloading
INFO:werkzeug: * Restarting with stat
WARNING:werkzeug: * Debugger is active!
INFO:werkzeug: * Debugger PIN: 993-416-659
INFO:werkzeug: * Detected change in '/data/tools/pushtomisp/pushtomisp.py', reloading
INFO:werkzeug: * Restarting with stat
WARNING:werkzeug: * Debugger is active!
INFO:werkzeug: * Debugger PIN: 993-416-659
INFO:werkzeug: * Running on http://0.0.0.0:8001/ (Press CTRL+C to quit)
INFO:werkzeug: * Restarting with stat
WARNING:werkzeug: * Debugger is active!
INFO:werkzeug: * Debugger PIN: 993-416-659
INFO:werkzeug:10.201.2.3 - - [14/Mar/2024 21:39:49] "[37mPOST /newSubmission HTTP/1.1[0m" 200 -
INFO:werkzeug: * Detected change in '/data/tools/pushtomisp/pushtomisp.py', reloading
INFO:werkzeug: * Restarting with stat
WARNING:werkzeug: * Debugger is active!
INFO:werkzeug: * Debugger PIN: 993-416-659
INFO:werkzeug: * Detected change in '/data/tools/pushtomisp/pushtomisp.py', reloading
INFO:werkzeug: * Restarting with stat
WARNING:werkzeug: * Debugger is active!
INFO:werkzeug: * Debugger PIN: 993-416-659
INFO:werkzeug:10.201.2.3 - - [14/Mar/2024 21:41:25] "[37mPOST /newSubmission HTTP/1.1[0m" 200 -
INFO:werkzeug: * Detected change in '/data/tools/pushtomisp/pushtomisp.py', reloading
INFO:werkzeug: * Restarting with stat
WARNING:werkzeug: * Debugger is active!
INFO:werkzeug: * Debugger PIN: 993-416-659
INFO:werkzeug:10.201.2.3 - - [14/Mar/2024 21:42:34] "[37mPOST /newSubmission HTTP/1.1[0m" 200 -
INFO:werkzeug: * Detected change in '/data/tools/pushtomisp/pushtomisp.py', reloading
INFO:werkzeug: * Restarting with stat
WARNING:werkzeug: * Debugger is active!
INFO:werkzeug: * Debugger PIN: 993-416-659
INFO:werkzeug:10.201.2.3 - - [14/Mar/2024 21:45:02] "[37mPOST /newSubmission HTTP/1.1[0m" 200 -
INFO:werkzeug: * Detected change in '/data/tools/pushtomisp/pushtomisp.py', reloading
INFO:werkzeug: * Restarting with stat
WARNING:werkzeug: * Debugger is active!
INFO:werkzeug: * Debugger PIN: 993-416-659
INFO:werkzeug:10.201.2.3 - - [14/Mar/2024 21:46:04] "[37mPOST /newSubmission HTTP/1.1[0m" 200 -
INFO:werkzeug: * Detected change in '/data/tools/pushtomisp/pushtomisp.py', reloading
INFO:werkzeug: * Restarting with stat
WARNING:werkzeug: * Debugger is active!
INFO:werkzeug: * Debugger PIN: 993-416-659
INFO:werkzeug:10.201.2.3 - - [14/Mar/2024 21:46:42] "[37mPOST /newSubmission HTTP/1.1[0m" 200 -
INFO:werkzeug: * Detected change in '/data/tools/pushtomisp/pushtomisp.py', reloading
INFO:werkzeug: * Restarting with stat
WARNING:werkzeug: * Debugger is active!
INFO:werkzeug: * Debugger PIN: 993-416-659
INFO:werkzeug: * Detected change in '/data/tools/pushtomisp/pushtomisp.py', reloading
INFO:werkzeug: * Restarting with stat
WARNING:werkzeug: * Debugger is active!
INFO:werkzeug: * Debugger PIN: 993-416-659
INFO:werkzeug:10.201.2.3 - - [14/Mar/2024 21:48:05] "[37mPOST /newSubmission HTTP/1.1[0m" 200 -
INFO:werkzeug: * Detected change in '/data/tools/pushtomisp/pushtomisp.py', reloading
INFO:werkzeug: * Restarting with stat
WARNING:werkzeug: * Debugger is active!
INFO:werkzeug: * Debugger PIN: 993-416-659
INFO:werkzeug: * Running on http://0.0.0.0:8001/ (Press CTRL+C to quit)
INFO:werkzeug: * Restarting with stat
WARNING:werkzeug: * Debugger is active!
INFO:werkzeug: * Debugger PIN: 993-416-659
INFO:werkzeug:10.201.2.3 - - [14/Mar/2024 21:48:59] "[37mPOST /newSubmission HTTP/1.1[0m" 200 -
INFO:werkzeug: * Detected change in '/data/tools/pushtomisp/pushtomisp.py', reloading
INFO:werkzeug: * Restarting with stat
WARNING:werkzeug: * Debugger is active!
INFO:werkzeug: * Debugger PIN: 993-416-659
INFO:werkzeug:10.201.2.3 - - [14/Mar/2024 21:52:34] "[37mPOST /newSubmission HTTP/1.1[0m" 200 -
INFO:werkzeug: * Detected change in '/data/tools/pushtomisp/pushtomisp.py', reloading
INFO:werkzeug: * Restarting with stat
WARNING:werkzeug: * Debugger is active!
INFO:werkzeug: * Debugger PIN: 993-416-659
INFO:werkzeug:10.201.2.3 - - [14/Mar/2024 21:53:37] "[37mPOST /newSubmission HTTP/1.1[0m" 200 -
INFO:werkzeug: * Detected change in '/data/tools/pushtomisp/pushtomisp.py', reloading
INFO:werkzeug: * Restarting with stat
WARNING:werkzeug: * Debugger is active!
INFO:werkzeug: * Debugger PIN: 993-416-659
INFO:werkzeug:10.201.2.3 - - [14/Mar/2024 21:55:38] "[37mPOST /newSubmission HTTP/1.1[0m" 200 -
INFO:werkzeug: * Detected change in '/data/tools/pushtomisp/pushtomisp.py', reloading
INFO:werkzeug: * Restarting with stat
WARNING:werkzeug: * Debugger is active!
INFO:werkzeug: * Debugger PIN: 993-416-659
INFO:werkzeug:10.201.2.3 - - [14/Mar/2024 21:57:38] "[37mPOST /newSubmission HTTP/1.1[0m" 200 -
INFO:werkzeug: * Detected change in '/data/tools/pushtomisp/pushtomisp.py', reloading
INFO:werkzeug: * Restarting with stat
WARNING:werkzeug: * Debugger is active!
INFO:werkzeug: * Debugger PIN: 993-416-659
INFO:werkzeug:10.201.2.3 - - [14/Mar/2024 21:58:52] "[37mPOST /newSubmission HTTP/1.1[0m" 200 -
INFO:werkzeug: * Detected change in '/data/tools/pushtomisp/pushtomisp.py', reloading
INFO:werkzeug: * Restarting with stat
WARNING:werkzeug: * Debugger is active!
INFO:werkzeug: * Debugger PIN: 993-416-659
INFO:werkzeug:10.201.2.3 - - [14/Mar/2024 22:00:19] "[37mPOST /newSubmission HTTP/1.1[0m" 200 -
INFO:werkzeug: * Detected change in '/data/tools/pushtomisp/pushtomisp.py', reloading
INFO:werkzeug: * Restarting with stat
WARNING:werkzeug: * Debugger is active!
INFO:werkzeug: * Debugger PIN: 993-416-659
INFO:werkzeug: * Detected change in '/data/tools/pushtomisp/pushtomisp.py', reloading
INFO:werkzeug: * Restarting with stat
WARNING:werkzeug: * Debugger is active!
INFO:werkzeug: * Debugger PIN: 993-416-659
INFO:werkzeug:10.201.2.3 - - [14/Mar/2024 22:01:06] "[37mPOST /newSubmission HTTP/1.1[0m" 200 -
INFO:werkzeug: * Detected change in '/data/tools/pushtomisp/pushtomisp.py', reloading
INFO:werkzeug: * Restarting with stat
WARNING:werkzeug: * Debugger is active!
INFO:werkzeug: * Debugger PIN: 993-416-659
INFO:werkzeug: * Detected change in '/data/tools/pushtomisp/pushtomisp.py', reloading
INFO:werkzeug: * Restarting with stat
WARNING:werkzeug: * Debugger is active!
INFO:werkzeug: * Debugger PIN: 993-416-659
INFO:werkzeug:10.201.2.3 - - [14/Mar/2024 22:05:06] "[37mPOST /newSubmission HTTP/1.1[0m" 200 -
INFO:werkzeug: * Detected change in '/data/tools/pushtomisp/pushtomisp.py', reloading
INFO:werkzeug: * Restarting with stat
WARNING:werkzeug: * Debugger is active!
INFO:werkzeug: * Debugger PIN: 993-416-659
INFO:werkzeug: * Running on http://0.0.0.0:8001/ (Press CTRL+C to quit)
INFO:werkzeug: * Restarting with stat
WARNING:werkzeug: * Debugger is active!
INFO:werkzeug: * Debugger PIN: 148-517-904
INFO:werkzeug:10.201.2.11 - - [16/Mar/2024 09:27:41] "[37mPOST /newSubmission HTTP/1.1[0m" 200 -
INFO:werkzeug: * Detected change in '/data/tools/pushtomisp/pushtomisp.py', reloading
INFO:werkzeug: * Restarting with stat
WARNING:werkzeug: * Debugger is active!
INFO:werkzeug: * Debugger PIN: 148-517-904
INFO:werkzeug: * Detected change in '/data/tools/pushtomisp/pushtomisp.py', reloading
INFO:werkzeug: * Restarting with stat
WARNING:werkzeug: * Debugger is active!
INFO:werkzeug: * Debugger PIN: 148-517-904
INFO:werkzeug:10.201.2.11 - - [16/Mar/2024 09:31:45] "[37mPOST /newSubmission HTTP/1.1[0m" 200 -
INFO:werkzeug: * Detected change in '/data/tools/pushtomisp/pushtomisp.py', reloading
INFO:werkzeug: * Restarting with stat
WARNING:werkzeug: * Debugger is active!
INFO:werkzeug: * Debugger PIN: 148-517-904
INFO:werkzeug:10.201.2.11 - - [16/Mar/2024 09:33:34] "[37mPOST /newSubmission HTTP/1.1[0m" 200 -
INFO:werkzeug: * Detected change in '/data/tools/pushtomisp/pushtomisp.py', reloading
INFO:werkzeug: * Restarting with stat
WARNING:werkzeug: * Debugger is active!
INFO:werkzeug: * Debugger PIN: 148-517-904
INFO:werkzeug: * Detected change in '/data/tools/pushtomisp/pushtomisp.py', reloading
INFO:werkzeug: * Restarting with stat
INFO:werkzeug: * Running on http://0.0.0.0:8001/ (Press CTRL+C to quit)
INFO:werkzeug: * Restarting with stat
WARNING:werkzeug: * Debugger is active!
INFO:werkzeug: * Debugger PIN: 148-517-904
INFO:werkzeug:10.201.2.11 - - [16/Mar/2024 09:38:58] "[37mPOST /newSubmission HTTP/1.1[0m" 200 -
WARNING:root:{'network.static.domain': ['ygrz3d71.us19.list-manage.com', 'ygrz3d71.us19.list-manage.com', 'ygrz3d71.us19.list-manage.com', 'ygrz3d71.us19.list-manage.com'], 'network.static.uri': ['https://ygrz3d71.us19.list-manage.com/track/click?u=a219e16f9459d5a4358b02a9d&id=167a67091d&e=c64bc55a3e', 'https://ygrz3d71.us19.list-manage.com/track/click?u=a219e16f9459d5a4358b02a9d&id=167a67091d&e=c64bc55a3e', 'https://ygrz3d71.us19.list-manage.com/track/click?u=a219e16f9459d5a4358b02a9d&id=167a67091d&e=c64bc55a3e', 'https://ygrz3d71.us19.list-manage.com/track/click?u=a219e16f9459d5a4358b02a9d&id=167a67091d&e=c64bc55a3e'], 'network.static.uri_path': ['/track/click?u=a219e16f9459d5a4358b02a9d&id=167a67091d&e=c64bc55a3e']}
INFO:werkzeug: * Detected change in '/data/tools/pushtomisp/pushtomisp.py', reloading
INFO:werkzeug: * Restarting with stat
WARNING:werkzeug: * Debugger is active!
INFO:werkzeug: * Debugger PIN: 148-517-904
INFO:werkzeug:10.201.2.11 - - [16/Mar/2024 09:42:21] "[37mPOST /newSubmission HTTP/1.1[0m" 200 -
WARNING:root:################## #COLLECTED_IOCS
WARNING:root:{'network.static.domain': ['ygrz3d71.us19.list-manage.com', 'ygrz3d71.us19.list-manage.com', 'ygrz3d71.us19.list-manage.com', 'ygrz3d71.us19.list-manage.com'], 'network.static.uri': ['https://ygrz3d71.us19.list-manage.com/track/click?u=a219e16f9459d5a4358b02a9d&id=167a67091d&e=c64bc55a3e', 'https://ygrz3d71.us19.list-manage.com/track/click?u=a219e16f9459d5a4358b02a9d&id=167a67091d&e=c64bc55a3e', 'https://ygrz3d71.us19.list-manage.com/track/click?u=a219e16f9459d5a4358b02a9d&id=167a67091d&e=c64bc55a3e', 'https://ygrz3d71.us19.list-manage.com/track/click?u=a219e16f9459d5a4358b02a9d&id=167a67091d&e=c64bc55a3e'], 'network.static.uri_path': ['/track/click?u=a219e16f9459d5a4358b02a9d&id=167a67091d&e=c64bc55a3e']}
INFO:werkzeug: * Detected change in '/data/tools/pushtomisp/pushtomisp.py', reloading
INFO:werkzeug: * Restarting with stat
